Build started 10/30/2011 9:57:58 PM.
Project "C:\Users\Rebecca Bever\Documents\Visual Studio 2010\Projects\Proj2\Proj2\MeshDataStructure_VectorLibrary_FileReader\MeshDataStructure_VectorLibrary_FileReader\VectorLib_ObjLoader_Demo.vcxproj" on node 2 (build target(s)).
InitializeBuildStatus:
  Creating "Debug\VectorLib_ObjLoader_Demo.unsuccessfulbuild" because "AlwaysCreate" was specified.
ClCompile:
  c:\Program Files\Microsoft Visual Studio 10.0\VC\bin\CL.exe /c /I.\ilmbase\inc\half /I.\ilmbase\inc\ilmthread /I.\ilmbase\inc\iex /I.\ilmbase\inc\imath /ZI /nologo /W3 /WX- /Od /Oy- /D WIN32 /D _DEBUG /D _CONSOLE /D _UNICODE /D UNICODE /Gm /EHsc /RTC1 /MDd /GS /fp:precise /Zc:wchar_t /Zc:forScope /Fo"Debug\\" /Fd"Debug\vc100.pdb" /Gd /TP /analyze- /errorReport:prompt Loaders.cpp main.cpp
  main.cpp
c:\users\rebecca bever\documents\visual studio 2010\projects\proj2\proj2\meshdatastructure_vectorlibrary_filereader\meshdatastructure_vectorlibrary_filereader\stb_image.c(559): warning C4996: 'fopen': This function or variable may be unsafe. Consider using fopen_s instead. To disable deprecation, use _CRT_SECURE_NO_WARNINGS. See online help for details.
          c:\program files\microsoft visual studio 10.0\vc\include\stdio.h(234) : see declaration of 'fopen'
c:\users\rebecca bever\documents\visual studio 2010\projects\proj2\proj2\meshdatastructure_vectorlibrary_filereader\meshdatastructure_vectorlibrary_filereader\stb_image.c(626): warning C4996: 'fopen': This function or variable may be unsafe. Consider using fopen_s instead. To disable deprecation, use _CRT_SECURE_NO_WARNINGS. See online help for details.
          c:\program files\microsoft visual studio 10.0\vc\include\stdio.h(234) : see declaration of 'fopen'
c:\users\rebecca bever\documents\visual studio 2010\projects\proj2\proj2\meshdatastructure_vectorlibrary_filereader\meshdatastructure_vectorlibrary_filereader\stb_image.c(664): warning C4996: 'fopen': This function or variable may be unsafe. Consider using fopen_s instead. To disable deprecation, use _CRT_SECURE_NO_WARNINGS. See online help for details.
          c:\program files\microsoft visual studio 10.0\vc\include\stdio.h(234) : see declaration of 'fopen'
c:\users\rebecca bever\documents\visual studio 2010\projects\proj2\proj2\meshdatastructure_vectorlibrary_filereader\meshdatastructure_vectorlibrary_filereader\stb_image.c(4566): warning C4996: 'fopen': This function or variable may be unsafe. Consider using fopen_s instead. To disable deprecation, use _CRT_SECURE_NO_WARNINGS. See online help for details.
          c:\program files\microsoft visual studio 10.0\vc\include\stdio.h(234) : see declaration of 'fopen'
c:\users\rebecca bever\documents\visual studio 2010\projects\proj2\proj2\meshdatastructure_vectorlibrary_filereader\meshdatastructure_vectorlibrary_filereader\main.cpp(33): warning C4305: 'initializing' : truncation from 'double' to 'GLfloat'
c:\users\rebecca bever\documents\visual studio 2010\projects\proj2\proj2\meshdatastructure_vectorlibrary_filereader\meshdatastructure_vectorlibrary_filereader\main.cpp(169): warning C4018: '<' : signed/unsigned mismatch
c:\users\rebecca bever\documents\visual studio 2010\projects\proj2\proj2\meshdatastructure_vectorlibrary_filereader\meshdatastructure_vectorlibrary_filereader\main.cpp(183): warning C4018: '<' : signed/unsigned mismatch
c:\users\rebecca bever\documents\visual studio 2010\projects\proj2\proj2\meshdatastructure_vectorlibrary_filereader\meshdatastructure_vectorlibrary_filereader\main.cpp(213): warning C4101: 'normalize' : unreferenced local variable
c:\users\rebecca bever\documents\visual studio 2010\projects\proj2\proj2\meshdatastructure_vectorlibrary_filereader\meshdatastructure_vectorlibrary_filereader\main.cpp(385): warning C4018: '<' : signed/unsigned mismatch
c:\users\rebecca bever\documents\visual studio 2010\projects\proj2\proj2\meshdatastructure_vectorlibrary_filereader\meshdatastructure_vectorlibrary_filereader\main.cpp(399): warning C4018: '<' : signed/unsigned mismatch
c:\users\rebecca bever\documents\visual studio 2010\projects\proj2\proj2\meshdatastructure_vectorlibrary_filereader\meshdatastructure_vectorlibrary_filereader\main.cpp(849): warning C4018: '<' : signed/unsigned mismatch
c:\users\rebecca bever\documents\visual studio 2010\projects\proj2\proj2\meshdatastructure_vectorlibrary_filereader\meshdatastructure_vectorlibrary_filereader\main.cpp(863): warning C4018: '<' : signed/unsigned mismatch
c:\users\rebecca bever\documents\visual studio 2010\projects\proj2\proj2\meshdatastructure_vectorlibrary_filereader\meshdatastructure_vectorlibrary_filereader\main.cpp(1014): warning C4244: 'initializing' : conversion from 'double' to 'float', possible loss of data
c:\users\rebecca bever\documents\visual studio 2010\projects\proj2\proj2\meshdatastructure_vectorlibrary_filereader\meshdatastructure_vectorlibrary_filereader\main.cpp(893): warning C4101: 'normalize' : unreferenced local variable
c:\users\rebecca bever\documents\visual studio 2010\projects\proj2\proj2\meshdatastructure_vectorlibrary_filereader\meshdatastructure_vectorlibrary_filereader\main.cpp(1336): warning C4018: '<' : signed/unsigned mismatch
c:\users\rebecca bever\documents\visual studio 2010\projects\proj2\proj2\meshdatastructure_vectorlibrary_filereader\meshdatastructure_vectorlibrary_filereader\main.cpp(1345): warning C4305: 'argument' : truncation from 'double' to 'GLfloat'
c:\users\rebecca bever\documents\visual studio 2010\projects\proj2\proj2\meshdatastructure_vectorlibrary_filereader\meshdatastructure_vectorlibrary_filereader\main.cpp(1345): warning C4305: 'argument' : truncation from 'double' to 'GLfloat'
c:\users\rebecca bever\documents\visual studio 2010\projects\proj2\proj2\meshdatastructure_vectorlibrary_filereader\meshdatastructure_vectorlibrary_filereader\main.cpp(1345): warning C4305: 'argument' : truncation from 'double' to 'GLfloat'
c:\users\rebecca bever\documents\visual studio 2010\projects\proj2\proj2\meshdatastructure_vectorlibrary_filereader\meshdatastructure_vectorlibrary_filereader\main.cpp(1348): warning C4018: '<' : signed/unsigned mismatch
c:\users\rebecca bever\documents\visual studio 2010\projects\proj2\proj2\meshdatastructure_vectorlibrary_filereader\meshdatastructure_vectorlibrary_filereader\main.cpp(1418): warning C4305: 'argument' : truncation from 'double' to 'GLfloat'
c:\users\rebecca bever\documents\visual studio 2010\projects\proj2\proj2\meshdatastructure_vectorlibrary_filereader\meshdatastructure_vectorlibrary_filereader\main.cpp(1418): warning C4305: 'argument' : truncation from 'double' to 'GLfloat'
c:\users\rebecca bever\documents\visual studio 2010\projects\proj2\proj2\meshdatastructure_vectorlibrary_filereader\meshdatastructure_vectorlibrary_filereader\main.cpp(1418): warning C4305: 'argument' : truncation from 'double' to 'GLfloat'
c:\users\rebecca bever\documents\visual studio 2010\projects\proj2\proj2\meshdatastructure_vectorlibrary_filereader\meshdatastructure_vectorlibrary_filereader\main.cpp(1423): warning C4305: 'argument' : truncation from 'double' to 'GLfloat'
c:\users\rebecca bever\documents\visual studio 2010\projects\proj2\proj2\meshdatastructure_vectorlibrary_filereader\meshdatastructure_vectorlibrary_filereader\main.cpp(1426): warning C4305: 'argument' : truncation from 'double' to 'GLfloat'
c:\users\rebecca bever\documents\visual studio 2010\projects\proj2\proj2\meshdatastructure_vectorlibrary_filereader\meshdatastructure_vectorlibrary_filereader\main.cpp(1426): warning C4305: 'argument' : truncation from 'double' to 'GLfloat'
c:\users\rebecca bever\documents\visual studio 2010\projects\proj2\proj2\meshdatastructure_vectorlibrary_filereader\meshdatastructure_vectorlibrary_filereader\main.cpp(1426): warning C4305: 'argument' : truncation from 'double' to 'GLfloat'
c:\users\rebecca bever\documents\visual studio 2010\projects\proj2\proj2\meshdatastructure_vectorlibrary_filereader\meshdatastructure_vectorlibrary_filereader\main.cpp(1431): warning C4305: 'argument' : truncation from 'double' to 'GLfloat'
c:\users\rebecca bever\documents\visual studio 2010\projects\proj2\proj2\meshdatastructure_vectorlibrary_filereader\meshdatastructure_vectorlibrary_filereader\main.cpp(1431): warning C4305: 'argument' : truncation from 'double' to 'GLfloat'
c:\users\rebecca bever\documents\visual studio 2010\projects\proj2\proj2\meshdatastructure_vectorlibrary_filereader\meshdatastructure_vectorlibrary_filereader\main.cpp(1431): warning C4305: 'argument' : truncation from 'double' to 'GLfloat'
c:\users\rebecca bever\documents\visual studio 2010\projects\proj2\proj2\meshdatastructure_vectorlibrary_filereader\meshdatastructure_vectorlibrary_filereader\main.cpp(1432): warning C4305: 'argument' : truncation from 'double' to 'GLfloat'
c:\users\rebecca bever\documents\visual studio 2010\projects\proj2\proj2\meshdatastructure_vectorlibrary_filereader\meshdatastructure_vectorlibrary_filereader\main.cpp(1439): warning C4305: 'argument' : truncation from 'double' to 'GLfloat'
c:\users\rebecca bever\documents\visual studio 2010\projects\proj2\proj2\meshdatastructure_vectorlibrary_filereader\meshdatastructure_vectorlibrary_filereader\main.cpp(1439): warning C4305: 'argument' : truncation from 'double' to 'GLfloat'
c:\users\rebecca bever\documents\visual studio 2010\projects\proj2\proj2\meshdatastructure_vectorlibrary_filereader\meshdatastructure_vectorlibrary_filereader\main.cpp(1439): warning C4305: 'argument' : truncation from 'double' to 'GLfloat'
c:\users\rebecca bever\documents\visual studio 2010\projects\proj2\proj2\meshdatastructure_vectorlibrary_filereader\meshdatastructure_vectorlibrary_filereader\main.cpp(1440): warning C4305: 'argument' : truncation from 'double' to 'GLfloat'
c:\users\rebecca bever\documents\visual studio 2010\projects\proj2\proj2\meshdatastructure_vectorlibrary_filereader\meshdatastructure_vectorlibrary_filereader\main.cpp(1440): warning C4305: 'argument' : truncation from 'double' to 'GLfloat'
c:\users\rebecca bever\documents\visual studio 2010\projects\proj2\proj2\meshdatastructure_vectorlibrary_filereader\meshdatastructure_vectorlibrary_filereader\main.cpp(1450): warning C4305: 'argument' : truncation from 'double' to 'GLfloat'
c:\users\rebecca bever\documents\visual studio 2010\projects\proj2\proj2\meshdatastructure_vectorlibrary_filereader\meshdatastructure_vectorlibrary_filereader\main.cpp(1452): warning C4305: 'argument' : truncation from 'double' to 'GLfloat'
c:\users\rebecca bever\documents\visual studio 2010\projects\proj2\proj2\meshdatastructure_vectorlibrary_filereader\meshdatastructure_vectorlibrary_filereader\main.cpp(1452): warning C4305: 'argument' : truncation from 'double' to 'GLfloat'
c:\users\rebecca bever\documents\visual studio 2010\projects\proj2\proj2\meshdatastructure_vectorlibrary_filereader\meshdatastructure_vectorlibrary_filereader\main.cpp(1452): warning C4305: 'argument' : truncation from 'double' to 'GLfloat'
c:\users\rebecca bever\documents\visual studio 2010\projects\proj2\proj2\meshdatastructure_vectorlibrary_filereader\meshdatastructure_vectorlibrary_filereader\main.cpp(1457): warning C4305: 'argument' : truncation from 'double' to 'GLfloat'
c:\users\rebecca bever\documents\visual studio 2010\projects\proj2\proj2\meshdatastructure_vectorlibrary_filereader\meshdatastructure_vectorlibrary_filereader\main.cpp(1458): warning C4305: 'argument' : truncation from 'double' to 'GLfloat'
c:\users\rebecca bever\documents\visual studio 2010\projects\proj2\proj2\meshdatastructure_vectorlibrary_filereader\meshdatastructure_vectorlibrary_filereader\main.cpp(1459): warning C4305: 'argument' : truncation from 'double' to 'GLfloat'
c:\users\rebecca bever\documents\visual studio 2010\projects\proj2\proj2\meshdatastructure_vectorlibrary_filereader\meshdatastructure_vectorlibrary_filereader\main.cpp(1459): warning C4305: 'argument' : truncation from 'double' to 'GLfloat'
c:\users\rebecca bever\documents\visual studio 2010\projects\proj2\proj2\meshdatastructure_vectorlibrary_filereader\meshdatastructure_vectorlibrary_filereader\main.cpp(1459): warning C4305: 'argument' : truncation from 'double' to 'GLfloat'
c:\users\rebecca bever\documents\visual studio 2010\projects\proj2\proj2\meshdatastructure_vectorlibrary_filereader\meshdatastructure_vectorlibrary_filereader\main.cpp(1464): warning C4305: 'argument' : truncation from 'double' to 'GLfloat'
c:\users\rebecca bever\documents\visual studio 2010\projects\proj2\proj2\meshdatastructure_vectorlibrary_filereader\meshdatastructure_vectorlibrary_filereader\main.cpp(1466): warning C4305: 'argument' : truncation from 'double' to 'GLfloat'
c:\users\rebecca bever\documents\visual studio 2010\projects\proj2\proj2\meshdatastructure_vectorlibrary_filereader\meshdatastructure_vectorlibrary_filereader\main.cpp(1466): warning C4305: 'argument' : truncation from 'double' to 'GLfloat'
c:\users\rebecca bever\documents\visual studio 2010\projects\proj2\proj2\meshdatastructure_vectorlibrary_filereader\meshdatastructure_vectorlibrary_filereader\main.cpp(1466): warning C4305: 'argument' : truncation from 'double' to 'GLfloat'
c:\users\rebecca bever\documents\visual studio 2010\projects\proj2\proj2\meshdatastructure_vectorlibrary_filereader\meshdatastructure_vectorlibrary_filereader\main.cpp(1475): warning C4305: 'argument' : truncation from 'double' to 'GLfloat'
c:\users\rebecca bever\documents\visual studio 2010\projects\proj2\proj2\meshdatastructure_vectorlibrary_filereader\meshdatastructure_vectorlibrary_filereader\main.cpp(1475): warning C4305: 'argument' : truncation from 'double' to 'GLfloat'
c:\users\rebecca bever\documents\visual studio 2010\projects\proj2\proj2\meshdatastructure_vectorlibrary_filereader\meshdatastructure_vectorlibrary_filereader\main.cpp(1475): warning C4305: 'argument' : truncation from 'double' to 'GLfloat'
c:\users\rebecca bever\documents\visual studio 2010\projects\proj2\proj2\meshdatastructure_vectorlibrary_filereader\meshdatastructure_vectorlibrary_filereader\main.cpp(1480): warning C4305: 'argument' : truncation from 'double' to 'GLfloat'
c:\users\rebecca bever\documents\visual studio 2010\projects\proj2\proj2\meshdatastructure_vectorlibrary_filereader\meshdatastructure_vectorlibrary_filereader\main.cpp(1481): warning C4305: 'argument' : truncation from 'double' to 'GLfloat'
c:\users\rebecca bever\documents\visual studio 2010\projects\proj2\proj2\meshdatastructure_vectorlibrary_filereader\meshdatastructure_vectorlibrary_filereader\main.cpp(1482): warning C4305: 'argument' : truncation from 'double' to 'GLfloat'
c:\users\rebecca bever\documents\visual studio 2010\projects\proj2\proj2\meshdatastructure_vectorlibrary_filereader\meshdatastructure_vectorlibrary_filereader\main.cpp(1482): warning C4305: 'argument' : truncation from 'double' to 'GLfloat'
c:\users\rebecca bever\documents\visual studio 2010\projects\proj2\proj2\meshdatastructure_vectorlibrary_filereader\meshdatastructure_vectorlibrary_filereader\main.cpp(1482): warning C4305: 'argument' : truncation from 'double' to 'GLfloat'
c:\users\rebecca bever\documents\visual studio 2010\projects\proj2\proj2\meshdatastructure_vectorlibrary_filereader\meshdatastructure_vectorlibrary_filereader\main.cpp(1489): warning C4305: 'argument' : truncation from 'double' to 'GLfloat'
c:\users\rebecca bever\documents\visual studio 2010\projects\proj2\proj2\meshdatastructure_vectorlibrary_filereader\meshdatastructure_vectorlibrary_filereader\main.cpp(1489): warning C4305: 'argument' : truncation from 'double' to 'GLfloat'
c:\users\rebecca bever\documents\visual studio 2010\projects\proj2\proj2\meshdatastructure_vectorlibrary_filereader\meshdatastructure_vectorlibrary_filereader\main.cpp(1489): warning C4305: 'argument' : truncation from 'double' to 'GLfloat'
c:\users\rebecca bever\documents\visual studio 2010\projects\proj2\proj2\meshdatastructure_vectorlibrary_filereader\meshdatastructure_vectorlibrary_filereader\main.cpp(1846): warning C4305: '+=' : truncation from 'double' to 'float'
c:\users\rebecca bever\documents\visual studio 2010\projects\proj2\proj2\meshdatastructure_vectorlibrary_filereader\meshdatastructure_vectorlibrary_filereader\main.cpp(1847): warning C4305: '=' : truncation from 'double' to 'float'
c:\users\rebecca bever\documents\visual studio 2010\projects\proj2\proj2\meshdatastructure_vectorlibrary_filereader\meshdatastructure_vectorlibrary_filereader\main.cpp(1861): warning C4305: '-=' : truncation from 'double' to 'float'
c:\users\rebecca bever\documents\visual studio 2010\projects\proj2\proj2\meshdatastructure_vectorlibrary_filereader\meshdatastructure_vectorlibrary_filereader\main.cpp(1862): warning C4305: '=' : truncation from 'double' to 'float'
c:\users\rebecca bever\documents\visual studio 2010\projects\proj2\proj2\meshdatastructure_vectorlibrary_filereader\meshdatastructure_vectorlibrary_filereader\main.cpp(2000): warning C4244: '=' : conversion from 'double' to 'GLfloat', possible loss of data
c:\users\rebecca bever\documents\visual studio 2010\projects\proj2\proj2\meshdatastructure_vectorlibrary_filereader\meshdatastructure_vectorlibrary_filereader\main.cpp(2031): warning C4305: 'argument' : truncation from 'double' to 'GLfloat'
c:\users\rebecca bever\documents\visual studio 2010\projects\proj2\proj2\meshdatastructure_vectorlibrary_filereader\meshdatastructure_vectorlibrary_filereader\main.cpp(2031): warning C4305: 'argument' : truncation from 'double' to 'GLfloat'
c:\users\rebecca bever\documents\visual studio 2010\projects\proj2\proj2\meshdatastructure_vectorlibrary_filereader\meshdatastructure_vectorlibrary_filereader\main.cpp(2031): warning C4305: 'argument' : truncation from 'double' to 'GLfloat'
c:\users\rebecca bever\documents\visual studio 2010\projects\proj2\proj2\meshdatastructure_vectorlibrary_filereader\meshdatastructure_vectorlibrary_filereader\main.cpp(2034): warning C4305: 'argument' : truncation from 'double' to 'GLfloat'
c:\users\rebecca bever\documents\visual studio 2010\projects\proj2\proj2\meshdatastructure_vectorlibrary_filereader\meshdatastructure_vectorlibrary_filereader\main.cpp(2034): warning C4305: 'argument' : truncation from 'double' to 'GLfloat'
c:\users\rebecca bever\documents\visual studio 2010\projects\proj2\proj2\meshdatastructure_vectorlibrary_filereader\meshdatastructure_vectorlibrary_filereader\main.cpp(2034): warning C4305: 'argument' : truncation from 'double' to 'GLfloat'
c:\users\rebecca bever\documents\visual studio 2010\projects\proj2\proj2\meshdatastructure_vectorlibrary_filereader\meshdatastructure_vectorlibrary_filereader\main.cpp(2041): warning C4305: 'argument' : truncation from 'double' to 'GLfloat'
c:\users\rebecca bever\documents\visual studio 2010\projects\proj2\proj2\meshdatastructure_vectorlibrary_filereader\meshdatastructure_vectorlibrary_filereader\main.cpp(2042): warning C4305: 'argument' : truncation from 'double' to 'GLfloat'
c:\users\rebecca bever\documents\visual studio 2010\projects\proj2\proj2\meshdatastructure_vectorlibrary_filereader\meshdatastructure_vectorlibrary_filereader\main.cpp(2042): warning C4305: 'argument' : truncation from 'double' to 'GLfloat'
c:\users\rebecca bever\documents\visual studio 2010\projects\proj2\proj2\meshdatastructure_vectorlibrary_filereader\meshdatastructure_vectorlibrary_filereader\main.cpp(2042): warning C4305: 'argument' : truncation from 'double' to 'GLfloat'
c:\users\rebecca bever\documents\visual studio 2010\projects\proj2\proj2\meshdatastructure_vectorlibrary_filereader\meshdatastructure_vectorlibrary_filereader\main.cpp(2053): warning C4305: 'argument' : truncation from 'double' to 'GLfloat'
c:\users\rebecca bever\documents\visual studio 2010\projects\proj2\proj2\meshdatastructure_vectorlibrary_filereader\meshdatastructure_vectorlibrary_filereader\main.cpp(2054): warning C4305: 'argument' : truncation from 'double' to 'GLfloat'
c:\users\rebecca bever\documents\visual studio 2010\projects\proj2\proj2\meshdatastructure_vectorlibrary_filereader\meshdatastructure_vectorlibrary_filereader\main.cpp(2054): warning C4305: 'argument' : truncation from 'double' to 'GLfloat'
c:\users\rebecca bever\documents\visual studio 2010\projects\proj2\proj2\meshdatastructure_vectorlibrary_filereader\meshdatastructure_vectorlibrary_filereader\main.cpp(2054): warning C4305: 'argument' : truncation from 'double' to 'GLfloat'
c:\users\rebecca bever\documents\visual studio 2010\projects\proj2\proj2\meshdatastructure_vectorlibrary_filereader\meshdatastructure_vectorlibrary_filereader\main.cpp(2058): warning C4305: 'argument' : truncation from 'double' to 'GLfloat'
c:\users\rebecca bever\documents\visual studio 2010\projects\proj2\proj2\meshdatastructure_vectorlibrary_filereader\meshdatastructure_vectorlibrary_filereader\main.cpp(2059): warning C4305: 'argument' : truncation from 'double' to 'GLfloat'
c:\users\rebecca bever\documents\visual studio 2010\projects\proj2\proj2\meshdatastructure_vectorlibrary_filereader\meshdatastructure_vectorlibrary_filereader\main.cpp(2059): warning C4305: 'argument' : truncation from 'double' to 'GLfloat'
c:\users\rebecca bever\documents\visual studio 2010\projects\proj2\proj2\meshdatastructure_vectorlibrary_filereader\meshdatastructure_vectorlibrary_filereader\main.cpp(2059): warning C4305: 'argument' : truncation from 'double' to 'GLfloat'
c:\users\rebecca bever\documents\visual studio 2010\projects\proj2\proj2\meshdatastructure_vectorlibrary_filereader\meshdatastructure_vectorlibrary_filereader\main.cpp(2063): warning C4305: 'argument' : truncation from 'double' to 'GLfloat'
c:\users\rebecca bever\documents\visual studio 2010\projects\proj2\proj2\meshdatastructure_vectorlibrary_filereader\meshdatastructure_vectorlibrary_filereader\main.cpp(2064): warning C4305: 'argument' : truncation from 'double' to 'GLfloat'
c:\users\rebecca bever\documents\visual studio 2010\projects\proj2\proj2\meshdatastructure_vectorlibrary_filereader\meshdatastructure_vectorlibrary_filereader\main.cpp(2064): warning C4305: 'argument' : truncation from 'double' to 'GLfloat'
c:\users\rebecca bever\documents\visual studio 2010\projects\proj2\proj2\meshdatastructure_vectorlibrary_filereader\meshdatastructure_vectorlibrary_filereader\main.cpp(2064): warning C4305: 'argument' : truncation from 'double' to 'GLfloat'
c:\users\rebecca bever\documents\visual studio 2010\projects\proj2\proj2\meshdatastructure_vectorlibrary_filereader\meshdatastructure_vectorlibrary_filereader\main.cpp(2069): warning C4305: 'argument' : truncation from 'double' to 'GLfloat'
c:\users\rebecca bever\documents\visual studio 2010\projects\proj2\proj2\meshdatastructure_vectorlibrary_filereader\meshdatastructure_vectorlibrary_filereader\main.cpp(2071): warning C4305: 'argument' : truncation from 'double' to 'GLfloat'
c:\users\rebecca bever\documents\visual studio 2010\projects\proj2\proj2\meshdatastructure_vectorlibrary_filereader\meshdatastructure_vectorlibrary_filereader\main.cpp(2134): warning C4244: '+=' : conversion from 'double' to 'float', possible loss of data
c:\users\rebecca bever\documents\visual studio 2010\projects\proj2\proj2\meshdatastructure_vectorlibrary_filereader\meshdatastructure_vectorlibrary_filereader\main.cpp(2135): warning C4244: '+=' : conversion from 'double' to 'float', possible loss of data
c:\users\rebecca bever\documents\visual studio 2010\projects\proj2\proj2\meshdatastructure_vectorlibrary_filereader\meshdatastructure_vectorlibrary_filereader\main.cpp(2142): warning C4244: '+=' : conversion from 'double' to 'float', possible loss of data
c:\users\rebecca bever\documents\visual studio 2010\projects\proj2\proj2\meshdatastructure_vectorlibrary_filereader\meshdatastructure_vectorlibrary_filereader\main.cpp(2144): warning C4305: '=' : truncation from 'double' to 'float'
  Loaders.cpp
c:\users\rebecca bever\documents\visual studio 2010\projects\proj2\proj2\meshdatastructure_vectorlibrary_filereader\meshdatastructure_vectorlibrary_filereader\loaders.cpp(10): warning C4996: 'sscanf': This function or variable may be unsafe. Consider using sscanf_s instead. To disable deprecation, use _CRT_SECURE_NO_WARNINGS. See online help for details.
          c:\program files\microsoft visual studio 10.0\vc\include\stdio.h(325) : see declaration of 'sscanf'
c:\users\rebecca bever\documents\visual studio 2010\projects\proj2\proj2\meshdatastructure_vectorlibrary_filereader\meshdatastructure_vectorlibrary_filereader\loaders.cpp(69): warning C4996: 'sscanf': This function or variable may be unsafe. Consider using sscanf_s instead. To disable deprecation, use _CRT_SECURE_NO_WARNINGS. See online help for details.
          c:\program files\microsoft visual studio 10.0\vc\include\stdio.h(325) : see declaration of 'sscanf'
c:\users\rebecca bever\documents\visual studio 2010\projects\proj2\proj2\meshdatastructure_vectorlibrary_filereader\meshdatastructure_vectorlibrary_filereader\loaders.cpp(75): warning C4996: 'sscanf': This function or variable may be unsafe. Consider using sscanf_s instead. To disable deprecation, use _CRT_SECURE_NO_WARNINGS. See online help for details.
          c:\program files\microsoft visual studio 10.0\vc\include\stdio.h(325) : see declaration of 'sscanf'
c:\users\rebecca bever\documents\visual studio 2010\projects\proj2\proj2\meshdatastructure_vectorlibrary_filereader\meshdatastructure_vectorlibrary_filereader\loaders.cpp(80): warning C4996: 'sscanf': This function or variable may be unsafe. Consider using sscanf_s instead. To disable deprecation, use _CRT_SECURE_NO_WARNINGS. See online help for details.
          c:\program files\microsoft visual studio 10.0\vc\include\stdio.h(325) : see declaration of 'sscanf'
  Generating Code...
ManifestResourceCompile:
  c:\Program Files\Microsoft SDKs\Windows\v7.0A\bin\rc.exe /nologo /fo"Debug\VectorLib_ObjLoader_Demo.exe.embed.manifest.res" Debug\VectorLib_ObjLoader_Demo_manifest.rc 
Link:
  c:\Program Files\Microsoft Visual Studio 10.0\VC\bin\link.exe /ERRORREPORT:PROMPT /OUT:"C:\Users\Rebecca Bever\Documents\Visual Studio 2010\Projects\Proj2\Proj2\MeshDataStructure_VectorLibrary_FileReader\MeshDataStructure_VectorLibrary_FileReader\Debug\VectorLib_ObjLoader_Demo.exe" /INCREMENTAL /NOLOGO kernel32.lib user32.lib gdi32.lib winspool.lib comdlg32.lib advapi32.lib shell32.lib ole32.lib oleaut32.lib uuid.lib odbc32.lib odbccp32.lib /MANIFEST /ManifestFile:"Debug\VectorLib_ObjLoader_Demo.exe.intermediate.manifest" /MANIFESTUAC:"level='asInvoker' uiAccess='false'" /DEBUG /PDB:"C:\Users\Rebecca Bever\Documents\Visual Studio 2010\Projects\Proj2\Proj2\MeshDataStructure_VectorLibrary_FileReader\MeshDataStructure_VectorLibrary_FileReader\Debug\VectorLib_ObjLoader_Demo.pdb" /SUBSYSTEM:CONSOLE /TLBID:1 /DYNAMICBASE:NO /IMPLIB:"C:\Users\Rebecca Bever\Documents\Visual Studio 2010\Projects\Proj2\Proj2\MeshDataStructure_VectorLibrary_FileReader\MeshDataStructure_VectorLibrary_FileReader\Debug\VectorLib_ObjLoader_Demo.lib" /MACHINE:X86 Debug\VectorLib_ObjLoader_Demo.exe.embed.manifest.res
  Debug\Loaders.obj
  Debug\main.obj
Manifest:
  c:\Program Files\Microsoft SDKs\Windows\v7.0A\bin\mt.exe /nologo /verbose /out:"Debug\VectorLib_ObjLoader_Demo.exe.embed.manifest" /manifest Debug\VectorLib_ObjLoader_Demo.exe.intermediate.manifest
  c:\Program Files\Microsoft SDKs\Windows\v7.0A\bin\rc.exe /nologo /fo"Debug\VectorLib_ObjLoader_Demo.exe.embed.manifest.res" Debug\VectorLib_ObjLoader_Demo_manifest.rc 
LinkEmbedManifest:
  c:\Program Files\Microsoft Visual Studio 10.0\VC\bin\link.exe /ERRORREPORT:PROMPT /OUT:"C:\Users\Rebecca Bever\Documents\Visual Studio 2010\Projects\Proj2\Proj2\MeshDataStructure_VectorLibrary_FileReader\MeshDataStructure_VectorLibrary_FileReader\Debug\VectorLib_ObjLoader_Demo.exe" /INCREMENTAL /NOLOGO kernel32.lib user32.lib gdi32.lib winspool.lib comdlg32.lib advapi32.lib shell32.lib ole32.lib oleaut32.lib uuid.lib odbc32.lib odbccp32.lib /MANIFEST /ManifestFile:"Debug\VectorLib_ObjLoader_Demo.exe.intermediate.manifest" /MANIFESTUAC:"level='asInvoker' uiAccess='false'" /DEBUG /PDB:"C:\Users\Rebecca Bever\Documents\Visual Studio 2010\Projects\Proj2\Proj2\MeshDataStructure_VectorLibrary_FileReader\MeshDataStructure_VectorLibrary_FileReader\Debug\VectorLib_ObjLoader_Demo.pdb" /SUBSYSTEM:CONSOLE /TLBID:1 /DYNAMICBASE:NO /IMPLIB:"C:\Users\Rebecca Bever\Documents\Visual Studio 2010\Projects\Proj2\Proj2\MeshDataStructure_VectorLibrary_FileReader\MeshDataStructure_VectorLibrary_FileReader\Debug\VectorLib_ObjLoader_Demo.lib" /MACHINE:X86 Debug\VectorLib_ObjLoader_Demo.exe.embed.manifest.res
  Debug\Loaders.obj
  Debug\main.obj
  VectorLib_ObjLoader_Demo.vcxproj -> C:\Users\Rebecca Bever\Documents\Visual Studio 2010\Projects\Proj2\Proj2\MeshDataStructure_VectorLibrary_FileReader\MeshDataStructure_VectorLibrary_FileReader\Debug\VectorLib_ObjLoader_Demo.exe
FinalizeBuildStatus:
  Deleting file "Debug\VectorLib_ObjLoader_Demo.unsuccessfulbuild".
  Touching "Debug\VectorLib_ObjLoader_Demo.lastbuildstate".
Done Building Project "C:\Users\Rebecca Bever\Documents\Visual Studio 2010\Projects\Proj2\Proj2\MeshDataStructure_VectorLibrary_FileReader\MeshDataStructure_VectorLibrary_FileReader\VectorLib_ObjLoader_Demo.vcxproj" (build target(s)).

Build succeeded.

Time Elapsed 00:01:34.63
