Build started 11/14/2011 1:55:01 PM.
Project "C:\Users\Rebecca Bever\Documents\Visual Studio 2010\Projects\Proj3\MeshDataStructure_VectorLibrary_FileReader\MeshDataStructure_VectorLibrary_FileReader\VectorLib_ObjLoader_Demo.vcxproj" on node 2 (build target(s)).
InitializeBuildStatus:
  Creating "Debug\VectorLib_ObjLoader_Demo.unsuccessfulbuild" because "AlwaysCreate" was specified.
ClCompile:
  c:\Program Files\Microsoft Visual Studio 10.0\VC\bin\CL.exe /c /I.\ilmbase\inc\half /I.\ilmbase\inc\ilmthread /I.\ilmbase\inc\iex /I.\ilmbase\inc\imath /ZI /nologo /W3 /WX- /Od /Oy- /D WIN32 /D _DEBUG /D _CONSOLE /D _UNICODE /D UNICODE /Gm /EHsc /RTC1 /MDd /GS /fp:precise /Zc:wchar_t /Zc:forScope /Fo"Debug\\" /Fd"Debug\vc100.pdb" /Gd /TP /analyze- /errorReport:prompt main.cpp
  main.cpp
c:\users\rebecca bever\documents\visual studio 2010\projects\proj3\meshdatastructure_vectorlibrary_filereader\meshdatastructure_vectorlibrary_filereader\stb_image.c(559): warning C4996: 'fopen': This function or variable may be unsafe. Consider using fopen_s instead. To disable deprecation, use _CRT_SECURE_NO_WARNINGS. See online help for details.
          c:\program files\microsoft visual studio 10.0\vc\include\stdio.h(234) : see declaration of 'fopen'
c:\users\rebecca bever\documents\visual studio 2010\projects\proj3\meshdatastructure_vectorlibrary_filereader\meshdatastructure_vectorlibrary_filereader\stb_image.c(626): warning C4996: 'fopen': This function or variable may be unsafe. Consider using fopen_s instead. To disable deprecation, use _CRT_SECURE_NO_WARNINGS. See online help for details.
          c:\program files\microsoft visual studio 10.0\vc\include\stdio.h(234) : see declaration of 'fopen'
c:\users\rebecca bever\documents\visual studio 2010\projects\proj3\meshdatastructure_vectorlibrary_filereader\meshdatastructure_vectorlibrary_filereader\stb_image.c(664): warning C4996: 'fopen': This function or variable may be unsafe. Consider using fopen_s instead. To disable deprecation, use _CRT_SECURE_NO_WARNINGS. See online help for details.
          c:\program files\microsoft visual studio 10.0\vc\include\stdio.h(234) : see declaration of 'fopen'
c:\users\rebecca bever\documents\visual studio 2010\projects\proj3\meshdatastructure_vectorlibrary_filereader\meshdatastructure_vectorlibrary_filereader\stb_image.c(4566): warning C4996: 'fopen': This function or variable may be unsafe. Consider using fopen_s instead. To disable deprecation, use _CRT_SECURE_NO_WARNINGS. See online help for details.
          c:\program files\microsoft visual studio 10.0\vc\include\stdio.h(234) : see declaration of 'fopen'
c:\users\rebecca bever\documents\visual studio 2010\projects\proj3\meshdatastructure_vectorlibrary_filereader\meshdatastructure_vectorlibrary_filereader\main.cpp(33): warning C4305: 'initializing' : truncation from 'double' to 'GLfloat'
c:\users\rebecca bever\documents\visual studio 2010\projects\proj3\meshdatastructure_vectorlibrary_filereader\meshdatastructure_vectorlibrary_filereader\main.cpp(55): warning C4305: 'initializing' : truncation from 'double' to 'GLfloat'
c:\users\rebecca bever\documents\visual studio 2010\projects\proj3\meshdatastructure_vectorlibrary_filereader\meshdatastructure_vectorlibrary_filereader\main.cpp(55): warning C4305: 'initializing' : truncation from 'double' to 'GLfloat'
c:\users\rebecca bever\documents\visual studio 2010\projects\proj3\meshdatastructure_vectorlibrary_filereader\meshdatastructure_vectorlibrary_filereader\main.cpp(55): warning C4305: 'initializing' : truncation from 'double' to 'GLfloat'
c:\users\rebecca bever\documents\visual studio 2010\projects\proj3\meshdatastructure_vectorlibrary_filereader\meshdatastructure_vectorlibrary_filereader\main.cpp(56): warning C4305: 'initializing' : truncation from 'double' to 'GLfloat'
c:\users\rebecca bever\documents\visual studio 2010\projects\proj3\meshdatastructure_vectorlibrary_filereader\meshdatastructure_vectorlibrary_filereader\main.cpp(56): warning C4305: 'initializing' : truncation from 'double' to 'GLfloat'
c:\users\rebecca bever\documents\visual studio 2010\projects\proj3\meshdatastructure_vectorlibrary_filereader\meshdatastructure_vectorlibrary_filereader\main.cpp(56): warning C4305: 'initializing' : truncation from 'double' to 'GLfloat'
c:\users\rebecca bever\documents\visual studio 2010\projects\proj3\meshdatastructure_vectorlibrary_filereader\meshdatastructure_vectorlibrary_filereader\main.cpp(57): warning C4305: 'initializing' : truncation from 'double' to 'GLfloat'
c:\users\rebecca bever\documents\visual studio 2010\projects\proj3\meshdatastructure_vectorlibrary_filereader\meshdatastructure_vectorlibrary_filereader\main.cpp(57): warning C4305: 'initializing' : truncation from 'double' to 'GLfloat'
c:\users\rebecca bever\documents\visual studio 2010\projects\proj3\meshdatastructure_vectorlibrary_filereader\meshdatastructure_vectorlibrary_filereader\main.cpp(58): warning C4305: 'initializing' : truncation from 'double' to 'GLfloat'
c:\users\rebecca bever\documents\visual studio 2010\projects\proj3\meshdatastructure_vectorlibrary_filereader\meshdatastructure_vectorlibrary_filereader\main.cpp(58): warning C4305: 'initializing' : truncation from 'double' to 'GLfloat'
c:\users\rebecca bever\documents\visual studio 2010\projects\proj3\meshdatastructure_vectorlibrary_filereader\meshdatastructure_vectorlibrary_filereader\main.cpp(58): warning C4305: 'initializing' : truncation from 'double' to 'GLfloat'
c:\users\rebecca bever\documents\visual studio 2010\projects\proj3\meshdatastructure_vectorlibrary_filereader\meshdatastructure_vectorlibrary_filereader\main.cpp(63): warning C4305: 'initializing' : truncation from 'double' to 'GLfloat'
c:\users\rebecca bever\documents\visual studio 2010\projects\proj3\meshdatastructure_vectorlibrary_filereader\meshdatastructure_vectorlibrary_filereader\main.cpp(63): warning C4305: 'initializing' : truncation from 'double' to 'GLfloat'
c:\users\rebecca bever\documents\visual studio 2010\projects\proj3\meshdatastructure_vectorlibrary_filereader\meshdatastructure_vectorlibrary_filereader\main.cpp(63): warning C4305: 'initializing' : truncation from 'double' to 'GLfloat'
c:\users\rebecca bever\documents\visual studio 2010\projects\proj3\meshdatastructure_vectorlibrary_filereader\meshdatastructure_vectorlibrary_filereader\main.cpp(64): warning C4305: 'initializing' : truncation from 'double' to 'GLfloat'
c:\users\rebecca bever\documents\visual studio 2010\projects\proj3\meshdatastructure_vectorlibrary_filereader\meshdatastructure_vectorlibrary_filereader\main.cpp(64): warning C4305: 'initializing' : truncation from 'double' to 'GLfloat'
c:\users\rebecca bever\documents\visual studio 2010\projects\proj3\meshdatastructure_vectorlibrary_filereader\meshdatastructure_vectorlibrary_filereader\main.cpp(221): warning C4018: '<' : signed/unsigned mismatch
c:\users\rebecca bever\documents\visual studio 2010\projects\proj3\meshdatastructure_vectorlibrary_filereader\meshdatastructure_vectorlibrary_filereader\main.cpp(235): warning C4018: '<' : signed/unsigned mismatch
c:\users\rebecca bever\documents\visual studio 2010\projects\proj3\meshdatastructure_vectorlibrary_filereader\meshdatastructure_vectorlibrary_filereader\main.cpp(265): warning C4101: 'normalize' : unreferenced local variable
c:\users\rebecca bever\documents\visual studio 2010\projects\proj3\meshdatastructure_vectorlibrary_filereader\meshdatastructure_vectorlibrary_filereader\main.cpp(437): warning C4018: '<' : signed/unsigned mismatch
c:\users\rebecca bever\documents\visual studio 2010\projects\proj3\meshdatastructure_vectorlibrary_filereader\meshdatastructure_vectorlibrary_filereader\main.cpp(452): warning C4018: '<' : signed/unsigned mismatch
c:\users\rebecca bever\documents\visual studio 2010\projects\proj3\meshdatastructure_vectorlibrary_filereader\meshdatastructure_vectorlibrary_filereader\main.cpp(901): warning C4018: '<' : signed/unsigned mismatch
c:\users\rebecca bever\documents\visual studio 2010\projects\proj3\meshdatastructure_vectorlibrary_filereader\meshdatastructure_vectorlibrary_filereader\main.cpp(916): warning C4018: '<' : signed/unsigned mismatch
c:\users\rebecca bever\documents\visual studio 2010\projects\proj3\meshdatastructure_vectorlibrary_filereader\meshdatastructure_vectorlibrary_filereader\main.cpp(1067): warning C4244: 'initializing' : conversion from 'double' to 'float', possible loss of data
c:\users\rebecca bever\documents\visual studio 2010\projects\proj3\meshdatastructure_vectorlibrary_filereader\meshdatastructure_vectorlibrary_filereader\main.cpp(946): warning C4101: 'normalize' : unreferenced local variable
c:\users\rebecca bever\documents\visual studio 2010\projects\proj3\meshdatastructure_vectorlibrary_filereader\meshdatastructure_vectorlibrary_filereader\main.cpp(1222): warning C4244: 'argument' : conversion from 'double' to 'float', possible loss of data
c:\users\rebecca bever\documents\visual studio 2010\projects\proj3\meshdatastructure_vectorlibrary_filereader\meshdatastructure_vectorlibrary_filereader\main.cpp(1388): warning C4018: '<' : signed/unsigned mismatch
c:\users\rebecca bever\documents\visual studio 2010\projects\proj3\meshdatastructure_vectorlibrary_filereader\meshdatastructure_vectorlibrary_filereader\main.cpp(1400): warning C4018: '<' : signed/unsigned mismatch
c:\users\rebecca bever\documents\visual studio 2010\projects\proj3\meshdatastructure_vectorlibrary_filereader\meshdatastructure_vectorlibrary_filereader\main.cpp(1895): warning C4244: '=' : conversion from 'double' to 'GLfloat', possible loss of data
c:\users\rebecca bever\documents\visual studio 2010\projects\proj3\meshdatastructure_vectorlibrary_filereader\meshdatastructure_vectorlibrary_filereader\main.cpp(1934): warning C4305: '+=' : truncation from 'double' to 'float'
c:\users\rebecca bever\documents\visual studio 2010\projects\proj3\meshdatastructure_vectorlibrary_filereader\meshdatastructure_vectorlibrary_filereader\main.cpp(1935): warning C4305: '+=' : truncation from 'double' to 'float'
c:\users\rebecca bever\documents\visual studio 2010\projects\proj3\meshdatastructure_vectorlibrary_filereader\meshdatastructure_vectorlibrary_filereader\main.cpp(1936): warning C4305: '+=' : truncation from 'double' to 'float'
c:\users\rebecca bever\documents\visual studio 2010\projects\proj3\meshdatastructure_vectorlibrary_filereader\meshdatastructure_vectorlibrary_filereader\main.cpp(1937): warning C4305: '+=' : truncation from 'double' to 'float'
c:\users\rebecca bever\documents\visual studio 2010\projects\proj3\meshdatastructure_vectorlibrary_filereader\meshdatastructure_vectorlibrary_filereader\main.cpp(1938): warning C4305: '+=' : truncation from 'double' to 'float'
c:\users\rebecca bever\documents\visual studio 2010\projects\proj3\meshdatastructure_vectorlibrary_filereader\meshdatastructure_vectorlibrary_filereader\main.cpp(1940): warning C4305: '+=' : truncation from 'double' to 'float'
c:\users\rebecca bever\documents\visual studio 2010\projects\proj3\meshdatastructure_vectorlibrary_filereader\meshdatastructure_vectorlibrary_filereader\main.cpp(1941): warning C4305: '+=' : truncation from 'double' to 'float'
c:\users\rebecca bever\documents\visual studio 2010\projects\proj3\meshdatastructure_vectorlibrary_filereader\meshdatastructure_vectorlibrary_filereader\main.cpp(1971): warning C4305: 'argument' : truncation from 'double' to 'float'
c:\users\rebecca bever\documents\visual studio 2010\projects\proj3\meshdatastructure_vectorlibrary_filereader\meshdatastructure_vectorlibrary_filereader\main.cpp(2028): warning C4305: 'argument' : truncation from 'double' to 'GLfloat'
c:\users\rebecca bever\documents\visual studio 2010\projects\proj3\meshdatastructure_vectorlibrary_filereader\meshdatastructure_vectorlibrary_filereader\main.cpp(2038): warning C4305: 'argument' : truncation from 'double' to 'GLfloat'
c:\users\rebecca bever\documents\visual studio 2010\projects\proj3\meshdatastructure_vectorlibrary_filereader\meshdatastructure_vectorlibrary_filereader\main.cpp(2051): warning C4305: 'argument' : truncation from 'double' to 'GLfloat'
c:\users\rebecca bever\documents\visual studio 2010\projects\proj3\meshdatastructure_vectorlibrary_filereader\meshdatastructure_vectorlibrary_filereader\main.cpp(2067): warning C4305: 'argument' : truncation from 'double' to 'GLfloat'
c:\users\rebecca bever\documents\visual studio 2010\projects\proj3\meshdatastructure_vectorlibrary_filereader\meshdatastructure_vectorlibrary_filereader\main.cpp(2077): warning C4305: 'argument' : truncation from 'double' to 'GLfloat'
c:\users\rebecca bever\documents\visual studio 2010\projects\proj3\meshdatastructure_vectorlibrary_filereader\meshdatastructure_vectorlibrary_filereader\main.cpp(2090): warning C4305: 'argument' : truncation from 'double' to 'GLfloat'
c:\users\rebecca bever\documents\visual studio 2010\projects\proj3\meshdatastructure_vectorlibrary_filereader\meshdatastructure_vectorlibrary_filereader\main.cpp(2099): warning C4305: 'argument' : truncation from 'double' to 'GLfloat'
c:\users\rebecca bever\documents\visual studio 2010\projects\proj3\meshdatastructure_vectorlibrary_filereader\meshdatastructure_vectorlibrary_filereader\main.cpp(2112): warning C4305: 'argument' : truncation from 'double' to 'GLfloat'
c:\users\rebecca bever\documents\visual studio 2010\projects\proj3\meshdatastructure_vectorlibrary_filereader\meshdatastructure_vectorlibrary_filereader\main.cpp(2282): warning C4244: '+=' : conversion from 'double' to 'float', possible loss of data
c:\users\rebecca bever\documents\visual studio 2010\projects\proj3\meshdatastructure_vectorlibrary_filereader\meshdatastructure_vectorlibrary_filereader\main.cpp(2283): warning C4244: '+=' : conversion from 'double' to 'float', possible loss of data
c:\users\rebecca bever\documents\visual studio 2010\projects\proj3\meshdatastructure_vectorlibrary_filereader\meshdatastructure_vectorlibrary_filereader\main.cpp(2290): warning C4244: '+=' : conversion from 'double' to 'float', possible loss of data
c:\users\rebecca bever\documents\visual studio 2010\projects\proj3\meshdatastructure_vectorlibrary_filereader\meshdatastructure_vectorlibrary_filereader\main.cpp(2292): warning C4305: '=' : truncation from 'double' to 'float'
ManifestResourceCompile:
  All outputs are up-to-date.
Link:
  c:\Program Files\Microsoft Visual Studio 10.0\VC\bin\link.exe /ERRORREPORT:PROMPT /OUT:"C:\Users\Rebecca Bever\Documents\Visual Studio 2010\Projects\Proj3\MeshDataStructure_VectorLibrary_FileReader\MeshDataStructure_VectorLibrary_FileReader\Debug\VectorLib_ObjLoader_Demo.exe" /INCREMENTAL /NOLOGO kernel32.lib user32.lib gdi32.lib winspool.lib comdlg32.lib advapi32.lib shell32.lib ole32.lib oleaut32.lib uuid.lib odbc32.lib odbccp32.lib /MANIFEST /ManifestFile:"Debug\VectorLib_ObjLoader_Demo.exe.intermediate.manifest" /MANIFESTUAC:"level='asInvoker' uiAccess='false'" /DEBUG /PDB:"C:\Users\Rebecca Bever\Documents\Visual Studio 2010\Projects\Proj3\MeshDataStructure_VectorLibrary_FileReader\MeshDataStructure_VectorLibrary_FileReader\Debug\VectorLib_ObjLoader_Demo.pdb" /SUBSYSTEM:CONSOLE /TLBID:1 /DYNAMICBASE:NO /IMPLIB:"C:\Users\Rebecca Bever\Documents\Visual Studio 2010\Projects\Proj3\MeshDataStructure_VectorLibrary_FileReader\MeshDataStructure_VectorLibrary_FileReader\Debug\VectorLib_ObjLoader_Demo.lib" /MACHINE:X86 Debug\VectorLib_ObjLoader_Demo.exe.embed.manifest.res
  Debug\Loaders.obj
  Debug\main.obj
Manifest:
  c:\Program Files\Microsoft SDKs\Windows\v7.0A\bin\mt.exe /nologo /verbose /out:"Debug\VectorLib_ObjLoader_Demo.exe.embed.manifest" /manifest Debug\VectorLib_ObjLoader_Demo.exe.intermediate.manifest
  All outputs are up-to-date.
LinkEmbedManifest:
  All outputs are up-to-date.
  VectorLib_ObjLoader_Demo.vcxproj -> C:\Users\Rebecca Bever\Documents\Visual Studio 2010\Projects\Proj3\MeshDataStructure_VectorLibrary_FileReader\MeshDataStructure_VectorLibrary_FileReader\Debug\VectorLib_ObjLoader_Demo.exe
FinalizeBuildStatus:
  Deleting file "Debug\VectorLib_ObjLoader_Demo.unsuccessfulbuild".
  Touching "Debug\VectorLib_ObjLoader_Demo.lastbuildstate".
Done Building Project "C:\Users\Rebecca Bever\Documents\Visual Studio 2010\Projects\Proj3\MeshDataStructure_VectorLibrary_FileReader\MeshDataStructure_VectorLibrary_FileReader\VectorLib_ObjLoader_Demo.vcxproj" (build target(s)).

Build succeeded.

Time Elapsed 00:00:41.50
