Build started 11/14/2011 2:50:26 PM.
Project "C:\Users\Rebecca Bever\Documents\Visual Studio 2010\Projects\Proj3\MeshDataStructure_VectorLibrary_FileReader\MeshDataStructure_VectorLibrary_FileReader\VectorLib_ObjLoader_Demo.vcxproj" on node 2 (build target(s)).
InitializeBuildStatus:
  Creating "Release\VectorLib_ObjLoader_Demo.unsuccessfulbuild" because "AlwaysCreate" was specified.
ClCompile:
  c:\Program Files\Microsoft Visual Studio 10.0\VC\bin\CL.exe /c /I.\ilmbase\inc\half /I.\ilmbase\inc\ilmthread /I.\ilmbase\inc\iex /I.\ilmbase\inc\imath /I.\ilmbase\src\ /Zi /nologo /W3 /WX- /O2 /Oy- /GL /D WIN32 /D NDEBUG /D _CONSOLE /D _UNICODE /D UNICODE /Gm- /EHsc /MD /GS /fp:precise /Zc:wchar_t /Zc:forScope /Fo"Release\\" /Fd"Release\vc100.pdb" /Gd /TP /analyze- /errorReport:prompt main.cpp
  main.cpp
c:\users\rebecca bever\documents\visual studio 2010\projects\proj3\meshdatastructure_vectorlibrary_filereader\meshdatastructure_vectorlibrary_filereader\stb_image.c(559): warning C4996: 'fopen': This function or variable may be unsafe. Consider using fopen_s instead. To disable deprecation, use _CRT_SECURE_NO_WARNINGS. See online help for details.
          c:\Program Files\Microsoft Visual Studio 10.0\VC\include\stdio.h(234) : see declaration of 'fopen'
c:\users\rebecca bever\documents\visual studio 2010\projects\proj3\meshdatastructure_vectorlibrary_filereader\meshdatastructure_vectorlibrary_filereader\stb_image.c(626): warning C4996: 'fopen': This function or variable may be unsafe. Consider using fopen_s instead. To disable deprecation, use _CRT_SECURE_NO_WARNINGS. See online help for details.
          c:\Program Files\Microsoft Visual Studio 10.0\VC\include\stdio.h(234) : see declaration of 'fopen'
c:\users\rebecca bever\documents\visual studio 2010\projects\proj3\meshdatastructure_vectorlibrary_filereader\meshdatastructure_vectorlibrary_filereader\stb_image.c(664): warning C4996: 'fopen': This function or variable may be unsafe. Consider using fopen_s instead. To disable deprecation, use _CRT_SECURE_NO_WARNINGS. See online help for details.
          c:\Program Files\Microsoft Visual Studio 10.0\VC\include\stdio.h(234) : see declaration of 'fopen'
c:\users\rebecca bever\documents\visual studio 2010\projects\proj3\meshdatastructure_vectorlibrary_filereader\meshdatastructure_vectorlibrary_filereader\stb_image.c(4566): warning C4996: 'fopen': This function or variable may be unsafe. Consider using fopen_s instead. To disable deprecation, use _CRT_SECURE_NO_WARNINGS. See online help for details.
          c:\Program Files\Microsoft Visual Studio 10.0\VC\include\stdio.h(234) : see declaration of 'fopen'
main.cpp(33): warning C4305: 'initializing' : truncation from 'double' to 'GLfloat'
main.cpp(55): warning C4305: 'initializing' : truncation from 'double' to 'GLfloat'
main.cpp(55): warning C4305: 'initializing' : truncation from 'double' to 'GLfloat'
main.cpp(55): warning C4305: 'initializing' : truncation from 'double' to 'GLfloat'
main.cpp(56): warning C4305: 'initializing' : truncation from 'double' to 'GLfloat'
main.cpp(56): warning C4305: 'initializing' : truncation from 'double' to 'GLfloat'
main.cpp(56): warning C4305: 'initializing' : truncation from 'double' to 'GLfloat'
main.cpp(57): warning C4305: 'initializing' : truncation from 'double' to 'GLfloat'
main.cpp(57): warning C4305: 'initializing' : truncation from 'double' to 'GLfloat'
main.cpp(58): warning C4305: 'initializing' : truncation from 'double' to 'GLfloat'
main.cpp(58): warning C4305: 'initializing' : truncation from 'double' to 'GLfloat'
main.cpp(58): warning C4305: 'initializing' : truncation from 'double' to 'GLfloat'
main.cpp(63): warning C4305: 'initializing' : truncation from 'double' to 'GLfloat'
main.cpp(63): warning C4305: 'initializing' : truncation from 'double' to 'GLfloat'
main.cpp(63): warning C4305: 'initializing' : truncation from 'double' to 'GLfloat'
main.cpp(64): warning C4305: 'initializing' : truncation from 'double' to 'GLfloat'
main.cpp(64): warning C4305: 'initializing' : truncation from 'double' to 'GLfloat'
main.cpp(221): warning C4018: '<' : signed/unsigned mismatch
main.cpp(235): warning C4018: '<' : signed/unsigned mismatch
main.cpp(265): warning C4101: 'normalize' : unreferenced local variable
main.cpp(437): warning C4018: '<' : signed/unsigned mismatch
main.cpp(452): warning C4018: '<' : signed/unsigned mismatch
main.cpp(901): warning C4018: '<' : signed/unsigned mismatch
main.cpp(916): warning C4018: '<' : signed/unsigned mismatch
main.cpp(1067): warning C4244: 'initializing' : conversion from 'double' to 'float', possible loss of data
main.cpp(946): warning C4101: 'normalize' : unreferenced local variable
main.cpp(1222): warning C4244: 'argument' : conversion from 'double' to 'float', possible loss of data
main.cpp(1388): warning C4018: '<' : signed/unsigned mismatch
main.cpp(1400): warning C4018: '<' : signed/unsigned mismatch
main.cpp(1895): warning C4244: '=' : conversion from 'double' to 'GLfloat', possible loss of data
main.cpp(1934): warning C4305: '+=' : truncation from 'double' to 'float'
main.cpp(1935): warning C4305: '+=' : truncation from 'double' to 'float'
main.cpp(1936): warning C4305: '+=' : truncation from 'double' to 'float'
main.cpp(1937): warning C4305: '+=' : truncation from 'double' to 'float'
main.cpp(1938): warning C4305: '+=' : truncation from 'double' to 'float'
main.cpp(1940): warning C4305: '+=' : truncation from 'double' to 'float'
main.cpp(1941): warning C4305: '+=' : truncation from 'double' to 'float'
main.cpp(1971): warning C4305: 'argument' : truncation from 'double' to 'float'
main.cpp(2028): warning C4305: 'argument' : truncation from 'double' to 'GLfloat'
main.cpp(2038): warning C4305: 'argument' : truncation from 'double' to 'GLfloat'
main.cpp(2051): warning C4305: 'argument' : truncation from 'double' to 'GLfloat'
main.cpp(2067): warning C4305: 'argument' : truncation from 'double' to 'GLfloat'
main.cpp(2077): warning C4305: 'argument' : truncation from 'double' to 'GLfloat'
main.cpp(2090): warning C4305: 'argument' : truncation from 'double' to 'GLfloat'
main.cpp(2099): warning C4305: 'argument' : truncation from 'double' to 'GLfloat'
main.cpp(2112): warning C4305: 'argument' : truncation from 'double' to 'GLfloat'
main.cpp(2282): warning C4244: '+=' : conversion from 'double' to 'float', possible loss of data
main.cpp(2283): warning C4244: '+=' : conversion from 'double' to 'float', possible loss of data
main.cpp(2290): warning C4244: '+=' : conversion from 'double' to 'float', possible loss of data
main.cpp(2292): warning C4305: '=' : truncation from 'double' to 'float'
Link:
  c:\Program Files\Microsoft Visual Studio 10.0\VC\bin\link.exe /ERRORREPORT:PROMPT /OUT:"C:\Users\Rebecca Bever\Documents\Visual Studio 2010\Projects\Proj3\MeshDataStructure_VectorLibrary_FileReader\MeshDataStructure_VectorLibrary_FileReader\Release\VectorLib_ObjLoader_Demo.exe" /INCREMENTAL:NO /NOLOGO kernel32.lib user32.lib gdi32.lib winspool.lib comdlg32.lib advapi32.lib shell32.lib ole32.lib oleaut32.lib uuid.lib odbc32.lib odbccp32.lib freeglut.lib glut32.lib kernel32.lib user32.lib gdi32.lib winspool.lib comdlg32.lib advapi32.lib shell32.lib ole32.lib oleaut32.lib uuid.lib odbc32.lib odbccp32.lib /MANIFEST /ManifestFile:"Release\VectorLib_ObjLoader_Demo.exe.intermediate.manifest" /MANIFESTUAC:"level='asInvoker' uiAccess='false'" /DEBUG /PDB:"C:\Users\Rebecca Bever\Documents\Visual Studio 2010\Projects\Proj3\MeshDataStructure_VectorLibrary_FileReader\MeshDataStructure_VectorLibrary_FileReader\Release\VectorLib_ObjLoader_Demo.pdb" /SUBSYSTEM:CONSOLE /OPT:REF /OPT:ICF /LTCG /TLBID:1 /DYNAMICBASE:NO /IMPLIB:"C:\Users\Rebecca Bever\Documents\Visual Studio 2010\Projects\Proj3\MeshDataStructure_VectorLibrary_FileReader\MeshDataStructure_VectorLibrary_FileReader\Release\VectorLib_ObjLoader_Demo.lib" /MACHINE:X86 Release\Loaders.obj
  Release\main.obj
  Generating code
  Finished generating code
  VectorLib_ObjLoader_Demo.vcxproj -> C:\Users\Rebecca Bever\Documents\Visual Studio 2010\Projects\Proj3\MeshDataStructure_VectorLibrary_FileReader\MeshDataStructure_VectorLibrary_FileReader\Release\VectorLib_ObjLoader_Demo.exe
Manifest:
  c:\Program Files\Microsoft SDKs\Windows\v7.0A\bin\mt.exe /nologo /verbose /outputresource:"C:\Users\Rebecca Bever\Documents\Visual Studio 2010\Projects\Proj3\MeshDataStructure_VectorLibrary_FileReader\MeshDataStructure_VectorLibrary_FileReader\Release\VectorLib_ObjLoader_Demo.exe;#1" /manifest Release\VectorLib_ObjLoader_Demo.exe.intermediate.manifest
FinalizeBuildStatus:
  Deleting file "Release\VectorLib_ObjLoader_Demo.unsuccessfulbuild".
  Touching "Release\VectorLib_ObjLoader_Demo.lastbuildstate".
Done Building Project "C:\Users\Rebecca Bever\Documents\Visual Studio 2010\Projects\Proj3\MeshDataStructure_VectorLibrary_FileReader\MeshDataStructure_VectorLibrary_FileReader\VectorLib_ObjLoader_Demo.vcxproj" (build target(s)).

Build succeeded.

Time Elapsed 00:00:08.48
