Build started 8/30/2011 6:19:48 PM.
Project "C:\Users\Rebecca Bever\Documents\Visual Studio 2010\Projects\Proj0\Proj0\Proj0.vcxproj" on node 2 (build target(s)).
InitializeBuildStatus:
  Creating "Release\Proj0.unsuccessfulbuild" because "AlwaysCreate" was specified.
ClCompile:
  c:\Program Files\Microsoft Visual Studio 10.0\VC\bin\CL.exe /c /Zi /nologo /W3 /WX- /O2 /Oi /Oy- /GL /D WIN32 /D NDEBUG /D _CONSOLE /D _UNICODE /D UNICODE /Gm- /EHsc /MD /GS /Gy /fp:precise /Zc:wchar_t /Zc:forScope /Fo"Release\\" /Fd"Release\vc100.pdb" /Gd /TC /analyze- /errorReport:prompt basics.c
  basics.c
basics.c(104): warning C4113: 'void (__cdecl *)()' differs in parameter lists from 'void (__cdecl *)(void)'
Link:
  c:\Program Files\Microsoft Visual Studio 10.0\VC\bin\link.exe /ERRORREPORT:PROMPT /OUT:"C:\Users\Rebecca Bever\Documents\Visual Studio 2010\Projects\Proj0\Release\Proj0.exe" /INCREMENTAL:NO /NOLOGO kernel32.lib user32.lib gdi32.lib winspool.lib comdlg32.lib advapi32.lib shell32.lib ole32.lib oleaut32.lib uuid.lib odbc32.lib odbccp32.lib glut32.lib kernel32.lib user32.lib gdi32.lib winspool.lib comdlg32.lib advapi32.lib shell32.lib ole32.lib oleaut32.lib uuid.lib odbc32.lib odbccp32.lib /MANIFEST /ManifestFile:"Release\Proj0.exe.intermediate.manifest" /MANIFESTUAC:"level='asInvoker' uiAccess='false'" /DEBUG /PDB:"C:\Users\Rebecca Bever\Documents\Visual Studio 2010\Projects\Proj0\Release\Proj0.pdb" /SUBSYSTEM:CONSOLE /OPT:REF /OPT:ICF /LTCG /TLBID:1 /DYNAMICBASE /NXCOMPAT /IMPLIB:"C:\Users\Rebecca Bever\Documents\Visual Studio 2010\Projects\Proj0\Release\Proj0.lib" /MACHINE:X86 Release\basics.obj
  Generating code
  Finished generating code
  Proj0.vcxproj -> C:\Users\Rebecca Bever\Documents\Visual Studio 2010\Projects\Proj0\Release\Proj0.exe
Manifest:
  c:\Program Files\Microsoft SDKs\Windows\v7.0A\bin\mt.exe /nologo /verbose /outputresource:"C:\Users\Rebecca Bever\Documents\Visual Studio 2010\Projects\Proj0\Release\Proj0.exe;#1" /manifest Release\Proj0.exe.intermediate.manifest
FinalizeBuildStatus:
  Deleting file "Release\Proj0.unsuccessfulbuild".
  Touching "Release\Proj0.lastbuildstate".
Done Building Project "C:\Users\Rebecca Bever\Documents\Visual Studio 2010\Projects\Proj0\Proj0\Proj0.vcxproj" (build target(s)).

Build succeeded.

Time Elapsed 00:00:09.24
