C:\USERS\REBECCA BEVER\DOCUMENTS\VISUAL STUDIO 2010\PROJECTS\PROJ0\DEBUG\PROJ0.EXE
C:\USERS\REBECCA BEVER\DOCUMENTS\VISUAL STUDIO 2010\PROJECTS\PROJ0\DEBUG\PROJ0.ILK
C:\USERS\REBECCA BEVER\DOCUMENTS\VISUAL STUDIO 2010\PROJECTS\PROJ0\DEBUG\PROJ0.PDB
C:\USERS\REBECCA BEVER\DOCUMENTS\VISUAL STUDIO 2010\PROJECTS\PROJ0\PROJ0\DEBUG\BASICS.OBJ
C:\Users\Rebecca Bever\Documents\Visual Studio 2010\Projects\Proj0\Proj0\Debug\cl.command.1.tlog
C:\Users\Rebecca Bever\Documents\Visual Studio 2010\Projects\Proj0\Proj0\Debug\CL.read.1.tlog
C:\Users\Rebecca Bever\Documents\Visual Studio 2010\Projects\Proj0\Proj0\Debug\CL.write.1.tlog
C:\Users\Rebecca Bever\Documents\Visual Studio 2010\Projects\Proj0\Proj0\Debug\link.3124.read.1.tlog
C:\Users\Rebecca Bever\Documents\Visual Studio 2010\Projects\Proj0\Proj0\Debug\link.3124.write.1.tlog
C:\Users\Rebecca Bever\Documents\Visual Studio 2010\Projects\Proj0\Proj0\Debug\link.3124-cvtres.read.1.tlog
C:\Users\Rebecca Bever\Documents\Visual Studio 2010\Projects\Proj0\Proj0\Debug\link.3124-cvtres.write.1.tlog
C:\Users\Rebecca Bever\Documents\Visual Studio 2010\Projects\Proj0\Proj0\Debug\link.command.1.tlog
C:\Users\Rebecca Bever\Documents\Visual Studio 2010\Projects\Proj0\Proj0\Debug\link.read.1.tlog
C:\Users\Rebecca Bever\Documents\Visual Studio 2010\Projects\Proj0\Proj0\Debug\link.write.1.tlog
C:\Users\Rebecca Bever\Documents\Visual Studio 2010\Projects\Proj0\Proj0\Debug\link-cvtres.read.1.tlog
C:\Users\Rebecca Bever\Documents\Visual Studio 2010\Projects\Proj0\Proj0\Debug\link-cvtres.write.1.tlog
C:\Users\Rebecca Bever\Documents\Visual Studio 2010\Projects\Proj0\Proj0\Debug\mt.command.1.tlog
C:\Users\Rebecca Bever\Documents\Visual Studio 2010\Projects\Proj0\Proj0\Debug\mt.read.1.tlog
C:\Users\Rebecca Bever\Documents\Visual Studio 2010\Projects\Proj0\Proj0\Debug\mt.write.1.tlog
C:\USERS\REBECCA BEVER\DOCUMENTS\VISUAL STUDIO 2010\PROJECTS\PROJ0\PROJ0\DEBUG\PROJ0.EXE.EMBED.MANIFEST
C:\USERS\REBECCA BEVER\DOCUMENTS\VISUAL STUDIO 2010\PROJECTS\PROJ0\PROJ0\DEBUG\PROJ0.EXE.EMBED.MANIFEST.RES
C:\USERS\REBECCA BEVER\DOCUMENTS\VISUAL STUDIO 2010\PROJECTS\PROJ0\PROJ0\DEBUG\PROJ0.EXE.INTERMEDIATE.MANIFEST
C:\Users\Rebecca Bever\Documents\Visual Studio 2010\Projects\Proj0\Proj0\Debug\Proj0_manifest.rc
C:\Users\Rebecca Bever\Documents\Visual Studio 2010\Projects\Proj0\Proj0\Debug\rc.command.1.tlog
C:\Users\Rebecca Bever\Documents\Visual Studio 2010\Projects\Proj0\Proj0\Debug\rc.read.1.tlog
C:\Users\Rebecca Bever\Documents\Visual Studio 2010\Projects\Proj0\Proj0\Debug\rc.write.1.tlog
C:\Users\Rebecca Bever\Documents\Visual Studio 2010\Projects\Proj0\Proj0\Debug\vc100.idb
C:\USERS\REBECCA BEVER\DOCUMENTS\VISUAL STUDIO 2010\PROJECTS\PROJ0\PROJ0\DEBUG\VC100.PDB
