Build started 9/19/2011 10:52:34 AM.
Project "C:\Users\Rebecca Bever\Documents\Visual Studio 2010\Projects\Proj1\Proj1\Proj1.vcxproj" on node 2 (build target(s)).
InitializeBuildStatus:
  Creating "Release\Proj1.unsuccessfulbuild" because "AlwaysCreate" was specified.
ClCompile:
  c:\Program Files\Microsoft Visual Studio 10.0\VC\bin\CL.exe /c /Zi /nologo /W3 /WX- /O2 /Oi /Oy- /GL /D WIN32 /D NDEBUG /D _CONSOLE /D _UNICODE /D UNICODE /Gm- /EHsc /MD /GS /Gy /fp:precise /Zc:wchar_t /Zc:forScope /Fo"Release\\" /Fd"Release\vc100.pdb" /Gd /TC /analyze- /errorReport:prompt Proj1.c
  Proj1.c
Proj1.c(531): warning C4996: 'sprintf': This function or variable may be unsafe. Consider using sprintf_s instead. To disable deprecation, use _CRT_SECURE_NO_WARNINGS. See online help for details.
          c:\Program Files\Microsoft Visual Studio 10.0\VC\include\stdio.h(371) : see declaration of 'sprintf'
Proj1.c(551): warning C4018: '<=' : signed/unsigned mismatch
Proj1.c(850): warning C4113: 'void (__cdecl *)()' differs in parameter lists from 'void (__cdecl *)(void)'
Proj1.c(852): warning C4113: 'void (__cdecl *)()' differs in parameter lists from 'void (__cdecl *)(void)'
Proj1.c(854): warning C4028: formal parameter 1 different from declaration
Link:
  c:\Program Files\Microsoft Visual Studio 10.0\VC\bin\link.exe /ERRORREPORT:PROMPT /OUT:"C:\Users\Rebecca Bever\Documents\Visual Studio 2010\Projects\Proj1\Release\Proj1.exe" /INCREMENTAL:NO /NOLOGO kernel32.lib user32.lib gdi32.lib winspool.lib comdlg32.lib advapi32.lib shell32.lib ole32.lib oleaut32.lib uuid.lib odbc32.lib odbccp32.lib glut32.lib kernel32.lib user32.lib gdi32.lib winspool.lib comdlg32.lib advapi32.lib shell32.lib ole32.lib oleaut32.lib uuid.lib odbc32.lib odbccp32.lib /MANIFEST /ManifestFile:"Release\Proj1.exe.intermediate.manifest" /MANIFESTUAC:"level='asInvoker' uiAccess='false'" /DEBUG /PDB:"C:\Users\Rebecca Bever\Documents\Visual Studio 2010\Projects\Proj1\Release\Proj1.pdb" /SUBSYSTEM:CONSOLE /OPT:REF /OPT:ICF /LTCG /TLBID:1 /DYNAMICBASE /NXCOMPAT /IMPLIB:"C:\Users\Rebecca Bever\Documents\Visual Studio 2010\Projects\Proj1\Release\Proj1.lib" /MACHINE:X86 Release\Proj1.obj
  Generating code
  Finished generating code
  Proj1.vcxproj -> C:\Users\Rebecca Bever\Documents\Visual Studio 2010\Projects\Proj1\Release\Proj1.exe
Manifest:
  c:\Program Files\Microsoft SDKs\Windows\v7.0A\bin\mt.exe /nologo /verbose /outputresource:"C:\Users\Rebecca Bever\Documents\Visual Studio 2010\Projects\Proj1\Release\Proj1.exe;#1" /manifest Release\Proj1.exe.intermediate.manifest
FinalizeBuildStatus:
  Deleting file "Release\Proj1.unsuccessfulbuild".
  Touching "Release\Proj1.lastbuildstate".
Done Building Project "C:\Users\Rebecca Bever\Documents\Visual Studio 2010\Projects\Proj1\Proj1\Proj1.vcxproj" (build target(s)).

Build succeeded.

Time Elapsed 00:00:01.48
