Build started 12/5/2011 4:18:54 PM.
Project "C:\Users\Rebecca Bever\Documents\Visual Studio 2010\Projects\RayTrace\RayTrace\RayTrace.vcxproj" on node 2 (build target(s)).
InitializeBuildStatus:
  Creating "Release\RayTrace.unsuccessfulbuild" because "AlwaysCreate" was specified.
ClCompile:
  c:\Program Files\Microsoft Visual Studio 10.0\VC\bin\CL.exe /c /Zi /nologo /W3 /WX- /O2 /Oi /Oy- /GL /D _MBCS /Gm- /EHsc /MD /GS /Gy /fp:precise /Zc:wchar_t /Zc:forScope /Fo"Release\\" /Fd"Release\vc100.pdb" /Gd /TP /analyze- /errorReport:prompt starter.cpp
  starter.cpp
c:\users\rebecca bever\documents\visual studio 2010\projects\raytrace\raytrace\Scene.h(407): warning C4996: 'stricmp': The POSIX name for this item is deprecated. Instead, use the ISO C++ conformant name: _stricmp. See online help for details.
          c:\Program Files\Microsoft Visual Studio 10.0\VC\include\string.h(246) : see declaration of 'stricmp'
c:\users\rebecca bever\documents\visual studio 2010\projects\raytrace\raytrace\Scene.h(420): warning C4996: 'stricmp': The POSIX name for this item is deprecated. Instead, use the ISO C++ conformant name: _stricmp. See online help for details.
          c:\Program Files\Microsoft Visual Studio 10.0\VC\include\string.h(246) : see declaration of 'stricmp'
c:\users\rebecca bever\documents\visual studio 2010\projects\raytrace\raytrace\Scene.h(456): warning C4996: 'stricmp': The POSIX name for this item is deprecated. Instead, use the ISO C++ conformant name: _stricmp. See online help for details.
          c:\Program Files\Microsoft Visual Studio 10.0\VC\include\string.h(246) : see declaration of 'stricmp'
c:\users\rebecca bever\documents\visual studio 2010\projects\raytrace\raytrace\RayTrace.h(431): warning C4018: '<' : signed/unsigned mismatch
c:\users\rebecca bever\documents\visual studio 2010\projects\raytrace\raytrace\RayTrace.h(490): warning C4018: '<' : signed/unsigned mismatch
Link:
  c:\Program Files\Microsoft Visual Studio 10.0\VC\bin\link.exe /ERRORREPORT:PROMPT /OUT:"C:\Users\Rebecca Bever\Documents\Visual Studio 2010\Projects\RayTrace\Release\RayTrace.exe" /NOLOGO kernel32.lib user32.lib gdi32.lib winspool.lib comdlg32.lib advapi32.lib shell32.lib ole32.lib oleaut32.lib uuid.lib odbc32.lib odbccp32.lib /MANIFEST /ManifestFile:"Release\RayTrace.exe.intermediate.manifest" /MANIFESTUAC:"level='asInvoker' uiAccess='false'" /DEBUG /PDB:"C:\Users\Rebecca Bever\Documents\Visual Studio 2010\Projects\RayTrace\Release\RayTrace.pdb" /OPT:REF /OPT:ICF /LTCG /TLBID:1 /DYNAMICBASE /NXCOMPAT /IMPLIB:"C:\Users\Rebecca Bever\Documents\Visual Studio 2010\Projects\RayTrace\Release\RayTrace.lib" /MACHINE:X86 Release\3ds.obj
  Release\starter.obj
  Release\xmlParser.obj
  Generating code
c:\users\rebecca bever\documents\visual studio 2010\projects\raytrace\raytrace\raytrace.h(616): warning C4715: 'RayTrace::interSphere' : not all control paths return a value
c:\users\rebecca bever\documents\visual studio 2010\projects\raytrace\raytrace\raytrace.h(481): warning C4715: 'RayTrace::intersection' : not all control paths return a value
  Finished generating code
  RayTrace.vcxproj -> C:\Users\Rebecca Bever\Documents\Visual Studio 2010\Projects\RayTrace\Release\RayTrace.exe
Manifest:
  c:\Program Files\Microsoft SDKs\Windows\v7.0A\bin\mt.exe /nologo /verbose /outputresource:"C:\Users\Rebecca Bever\Documents\Visual Studio 2010\Projects\RayTrace\Release\RayTrace.exe;#1" /manifest Release\RayTrace.exe.intermediate.manifest
FinalizeBuildStatus:
  Deleting file "Release\RayTrace.unsuccessfulbuild".
  Touching "Release\RayTrace.lastbuildstate".
Done Building Project "C:\Users\Rebecca Bever\Documents\Visual Studio 2010\Projects\RayTrace\RayTrace\RayTrace.vcxproj" (build target(s)).

Build succeeded.

Time Elapsed 00:00:06.06
